<?xml version="1.0" encoding="UTF-8"?>
<!-- Generated by org.testng.reporters.JUnitXMLReporter -->
<testsuite hostname="Kroshdy-LT-9852" ignored="1" name="Default test" tests="1" failures="0" timestamp="03 Apr 2018 02:06:12 GMT" time="5.468" errors="0">
  <testcase name="ShouldNotEditComputerWithoutName" time="0.921" classname="com.backbase.computerbase.tests.EditComputerTests"/>
  <testcase name="ShouldEditComputerDataSuccessfully" time="0.0" classname="com.backbase.computerbase.tests.EditComputerTests">
    <ignored/>
  </testcase> <!-- ShouldEditComputerDataSuccessfully -->
</testsuite> <!-- Default test -->
